\BOOKMARK [0][-]{section*.1}{\376\377\000R\000e\000s\000u\000m\000e\000n}{}% 1
\BOOKMARK [0][-]{chapter.1}{\376\377\000I\000n\000t\000r\000o\000d\000u\000c\000c\000i\000\363\000n\000\040\000g\000e\000n\000e\000r\000a\000l}{}% 2
\BOOKMARK [1][-]{section.1.1}{\376\377\000C\000o\000n\000t\000e\000x\000t\000o\000\040\000y\000\040\000m\000o\000t\000i\000v\000a\000c\000i\000\363\000n}{chapter.1}% 3
\BOOKMARK [1][-]{section.1.2}{\376\377\000E\000s\000t\000a\000d\000o\000\040\000d\000e\000l\000\040\000a\000r\000t\000e}{chapter.1}% 4
\BOOKMARK [1][-]{section.1.3}{\376\377\000O\000b\000j\000e\000t\000i\000v\000o\000\040\000y\000\040\000a\000l\000c\000a\000n\000c\000e}{chapter.1}% 5
\BOOKMARK [2][-]{subsection.1.3.1}{\376\377\000O\000b\000j\000e\000t\000i\000v\000o\000\040\000d\000e\000l\000\040\000t\000r\000a\000b\000a\000j\000o}{section.1.3}% 6
\BOOKMARK [2][-]{subsection.1.3.2}{\376\377\000A\000l\000c\000a\000n\000c\000e\000\040\000d\000e\000l\000\040\000t\000r\000a\000b\000a\000j\000o}{section.1.3}% 7
\BOOKMARK [0][-]{chapter.2}{\376\377\000I\000n\000t\000r\000o\000d\000u\000c\000c\000i\000\363\000n\000\040\000e\000s\000p\000e\000c\000\355\000f\000i\000c\000a}{}% 8
\BOOKMARK [1][-]{section.2.1}{\376\377\000R\000e\000q\000u\000e\000r\000i\000m\000i\000e\000n\000t\000o\000s}{chapter.2}% 9
\BOOKMARK [1][-]{section.2.2}{\376\377\000M\000o\000d\000e\000l\000o\000s\000\040\000d\000e\000\040\000i\000n\000t\000e\000l\000i\000g\000e\000n\000c\000i\000a\000\040\000a\000r\000t\000i\000f\000i\000c\000i\000a\000l\000\040\000u\000t\000i\000l\000i\000z\000a\000d\000o\000s}{chapter.2}% 10
\BOOKMARK [1][-]{section.2.3}{\376\377\000T\000r\000a\000t\000a\000m\000i\000e\000n\000t\000o\000\040\000d\000e\000\040\000d\000a\000t\000o\000s\000\040\000\050\000h\000e\000r\000r\000a\000m\000i\000e\000n\000t\000a\000s\000\051}{chapter.2}% 11
\BOOKMARK [2][-]{subsection.2.3.1}{\376\377\000B\000i\000b\000l\000i\000o\000t\000e\000c\000a\000s\000\040\000p\000a\000r\000a\000\040\000p\000r\000o\000c\000e\000s\000a\000m\000i\000e\000n\000t\000o\000\040\000y\000\040\000a\000n\000\341\000l\000i\000s\000i\000s\000\040\000d\000e\000\040\000d\000a\000t\000o\000s}{section.2.3}% 12
\BOOKMARK [2][-]{subsection.2.3.2}{\376\377\000B\000i\000b\000l\000i\000o\000t\000e\000c\000a\000s\000\040\000p\000a\000r\000a\000\040\000v\000i\000s\000u\000a\000l\000i\000z\000a\000c\000i\000\363\000n}{section.2.3}% 13
\BOOKMARK [2][-]{subsection.2.3.3}{\376\377\000P\000l\000a\000t\000a\000f\000o\000r\000m\000a\000s\000\040\000y\000\040\000A\000P\000I\000s\000\040\000e\000x\000t\000e\000r\000n\000a\000s}{section.2.3}% 14
\BOOKMARK [2][-]{subsection.2.3.4}{\376\377\000E\000x\000p\000o\000s\000i\000c\000i\000\363\000n\000\040\000d\000e\000\040\000s\000e\000r\000v\000i\000c\000i\000o\000s}{section.2.3}% 15
\BOOKMARK [2][-]{subsection.2.3.5}{\376\377\000C\000o\000n\000t\000e\000n\000e\000r\000i\000z\000a\000c\000i\000\363\000n}{section.2.3}% 16
\BOOKMARK [2][-]{subsection.2.3.6}{\376\377\000O\000r\000q\000u\000e\000s\000t\000a\000c\000i\000\363\000n\000\040\000y\000\040\000p\000i\000p\000e\000l\000i\000n\000e\000s}{section.2.3}% 17
\BOOKMARK [0][-]{chapter.3}{\376\377\000D\000i\000s\000e\000\361\000o\000\040\000e\000\040\000i\000m\000p\000l\000e\000m\000e\000n\000t\000a\000c\000i\000\363\000n}{}% 18
\BOOKMARK [1][-]{section.3.1}{\376\377\000A\000r\000q\000u\000i\000t\000e\000c\000t\000u\000r\000a\000\040\000d\000e\000l\000\040\000s\000i\000s\000t\000e\000m\000a}{chapter.3}% 19
\BOOKMARK [2][-]{subsection.3.1.1}{\376\377\000C\000a\000p\000a\000\040\000d\000e\000\040\000r\000e\000c\000o\000l\000e\000c\000c\000i\000\363\000n\000\040\000d\000e\000\040\000d\000a\000t\000o\000s}{section.3.1}% 20
\BOOKMARK [2][-]{subsection.3.1.2}{\376\377\000C\000a\000p\000a\000\040\000d\000e\000\040\000p\000r\000o\000c\000e\000s\000a\000m\000i\000e\000n\000t\000o\000\040\000y\000\040\000t\000r\000a\000n\000s\000f\000o\000r\000m\000a\000c\000i\000\363\000n}{section.3.1}% 21
\BOOKMARK [2][-]{subsection.3.1.3}{\376\377\000C\000a\000p\000a\000\040\000d\000e\000\040\000a\000l\000m\000a\000c\000e\000n\000a\000m\000i\000e\000n\000t\000o\000\040\000e\000s\000t\000r\000u\000c\000t\000u\000r\000a\000d\000o}{section.3.1}% 22
\BOOKMARK [2][-]{subsection.3.1.4}{\376\377\000C\000a\000p\000a\000\040\000d\000e\000\040\000m\000o\000d\000e\000l\000a\000d\000o\000\040\000p\000r\000e\000d\000i\000c\000t\000i\000v\000o}{section.3.1}% 23
\BOOKMARK [2][-]{subsection.3.1.5}{\376\377\000C\000a\000p\000a\000\040\000d\000e\000\040\000i\000n\000t\000e\000g\000r\000a\000c\000i\000\363\000n\000\040\000o\000p\000e\000r\000a\000t\000i\000v\000a\000\040\000c\000o\000n\000\040\000m\000i\000c\000r\000o\000s\000e\000r\000v\000i\000c\000i\000o\000s}{section.3.1}% 24
\BOOKMARK [2][-]{subsection.3.1.6}{\376\377\000C\000a\000p\000a\000\040\000d\000e\000\040\000v\000i\000s\000u\000a\000l\000i\000z\000a\000c\000i\000\363\000n\000\040\000y\000\040\000c\000o\000n\000s\000u\000m\000o\000\040\000d\000e\000n\000t\000r\000o\000\040\000d\000e\000\040\000I\000n\000v\000e\000n\000t\000o\000r\000y\000\040\000T\000r\000a\000c\000k\000e\000r}{section.3.1}% 25
\BOOKMARK [2][-]{subsection.3.1.7}{\376\377\000J\000u\000s\000t\000i\000f\000i\000c\000a\000c\000i\000\363\000n\000\040\000g\000l\000o\000b\000a\000l\000\040\000d\000e\000\040\000l\000a\000\040\000a\000r\000q\000u\000i\000t\000e\000c\000t\000u\000r\000a}{section.3.1}% 26
\BOOKMARK [1][-]{section.3.2}{\376\377\000A\000u\000t\000o\000m\000a\000t\000i\000z\000a\000c\000i\000\363\000n\000\040\000m\000e\000d\000i\000a\000n\000t\000e\000\040\000t\000a\000r\000e\000a\000s\000\040\000p\000r\000o\000g\000r\000a\000m\000a\000d\000a\000s}{chapter.3}% 27
\BOOKMARK [1][-]{section.3.3}{\376\377\000A\000n\000\341\000l\000i\000s\000i\000s\000\040\000d\000e\000\040\000d\000a\000t\000o\000s}{chapter.3}% 28
\BOOKMARK [2][-]{subsection.3.3.1}{\376\377\000L\000i\000m\000p\000i\000e\000z\000a\000\040\000y\000\040\000N\000o\000r\000m\000a\000l\000i\000z\000a\000c\000i\000\363\000n\000\040\000d\000e\000\040\000l\000a\000\040\000I\000n\000f\000o\000r\000m\000a\000c\000i\000\363\000n}{section.3.3}% 29
\BOOKMARK [2][-]{subsection.3.3.2}{\376\377\000E\000s\000t\000r\000a\000t\000e\000g\000i\000a\000s\000\040\000d\000e\000\040\000I\000m\000p\000u\000t\000a\000c\000i\000\363\000n\000\040\000y\000\040\000G\000e\000s\000t\000i\000\363\000n\000\040\000d\000e\000\040\000I\000n\000c\000o\000n\000s\000i\000s\000t\000e\000n\000c\000i\000a\000s}{section.3.3}% 30
\BOOKMARK [2][-]{subsection.3.3.3}{\376\377\000I\000n\000g\000e\000n\000i\000e\000r\000\355\000a\000\040\000d\000e\000\040\000C\000a\000r\000a\000c\000t\000e\000r\000\355\000s\000t\000i\000c\000a\000s\000\040\000\050\000\040\000F\000e\000a\000t\000u\000r\000e\000\040\000E\000n\000g\000i\000n\000e\000e\000r\000i\000n\000g\000\040\000\051}{section.3.3}% 31
\BOOKMARK [1][-]{section.3.4}{\376\377\000D\000e\000s\000a\000r\000r\000o\000l\000l\000o\000\040\000d\000e\000\040\000m\000o\000d\000e\000l\000o\000s}{chapter.3}% 32
\BOOKMARK [2][-]{subsection.3.4.1}{\376\377\000M\000o\000d\000e\000l\000o\000\040\000b\000a\000s\000e\000\040\000\050\000B\000a\000s\000e\000l\000i\000n\000e\000\051\000:\000\040\000l\000\363\000g\000i\000c\000a\000\040\000d\000e\000\040\000h\000e\000u\000r\000\355\000s\000t\000i\000c\000a\000\040\000o\000r\000i\000g\000i\000n\000a\000l}{section.3.4}% 33
\BOOKMARK [2][-]{subsection.3.4.2}{\376\377\000I\000m\000p\000l\000e\000m\000e\000n\000t\000a\000c\000i\000\363\000n\000\040\000d\000e\000l\000\040\000F\000r\000a\000m\000e\000w\000o\000r\000k\000\040\000d\000e\000\040\000M\000o\000d\000e\000l\000a\000d\000o}{section.3.4}% 34
\BOOKMARK [2][-]{subsection.3.4.3}{\376\377\000E\000s\000t\000r\000a\000t\000e\000g\000i\000a\000\040\000d\000e\000\040\000e\000n\000t\000r\000e\000n\000a\000m\000i\000e\000n\000t\000o\000\040\000y\000\040\000m\000i\000t\000i\000g\000a\000c\000i\000\363\000n\000\040\000d\000e\000\040\000s\000o\000b\000r\000e\000-\000a\000j\000u\000s\000t\000e}{section.3.4}% 35
\BOOKMARK [1][-]{section.3.5}{\376\377\000D\000e\000s\000a\000r\000r\000o\000l\000l\000o\000\040\000d\000e\000\040\000u\000n\000\040\000f\000r\000a\000m\000e\000w\000o\000r\000k\000\040\000m\000o\000d\000u\000l\000a\000r}{chapter.3}% 36
\BOOKMARK [2][-]{subsection.3.5.1}{\376\377\000E\000s\000t\000a\000n\000d\000a\000r\000i\000z\000a\000c\000i\000\363\000n\000\040\000d\000e\000\040\000I\000n\000t\000e\000r\000f\000a\000c\000e\000s\000\040\000y\000\040\000O\000r\000q\000u\000e\000s\000t\000a\000c\000i\000\363\000n\000\040\000m\000e\000d\000i\000a\000n\000t\000e\000\040\000D\000A\000G\000s}{section.3.5}% 37
\BOOKMARK [2][-]{subsection.3.5.2}{\376\377\000L\000\363\000g\000i\000c\000a\000\040\000d\000e\000\040\000C\000o\000m\000p\000e\000t\000e\000n\000c\000i\000a\000\040\000y\000\040\000S\000e\000l\000e\000c\000c\000i\000\363\000n\000\040\000A\000u\000t\000o\000m\000\341\000t\000i\000c\000a\000\040\000d\000e\000l\000\040\000M\000o\000d\000e\000l\000o}{section.3.5}% 38
\BOOKMARK [1][-]{section.3.6}{\376\377\000D\000e\000s\000p\000l\000i\000e\000g\000u\000e\000\040\000c\000o\000n\000\040\000m\000i\000c\000r\000o\000s\000e\000r\000v\000i\000c\000i\000o\000s\000\040\000e\000\040\000i\000n\000t\000e\000g\000r\000a\000c\000i\000\363\000n\000\040\000c\000o\000n\000\040\000b\000a\000s\000e\000s\000\040\000d\000e\000\040\000d\000a\000t\000o\000s}{chapter.3}% 39
\BOOKMARK [2][-]{subsection.3.6.1}{\376\377\000\040\000E\000s\000t\000r\000a\000t\000e\000g\000i\000a\000\040\000d\000e\000\040\000c\000o\000n\000t\000e\000n\000e\000r\000i\000z\000a\000c\000i\000\363\000n\000\040\000y\000\040\000o\000r\000q\000u\000e\000s\000t\000a\000c\000i\000\363\000n}{section.3.6}% 40
\BOOKMARK [2][-]{subsection.3.6.2}{\376\377\000A\000r\000q\000u\000i\000t\000e\000c\000t\000u\000r\000a\000\040\000d\000e\000\040\000m\000i\000c\000r\000o\000s\000e\000r\000v\000i\000c\000i\000o\000s\000\040\000e\000\040\000i\000n\000t\000e\000g\000r\000a\000c\000i\000\363\000n\000\040\000o\000p\000e\000r\000a\000t\000i\000v\000a}{section.3.6}% 41
\BOOKMARK [2][-]{subsection.3.6.3}{\376\377\000\040\000I\000n\000t\000e\000g\000r\000a\000c\000i\000\363\000n\000\040\000c\000o\000n\000\040\000l\000a\000\040\000c\000a\000p\000a\000\040\000d\000e\000\040\000p\000e\000r\000s\000i\000s\000t\000e\000n\000c\000i\000a\000\040\000y\000\040\000s\000e\000r\000v\000i\000c\000i\000o\000s\000\040\000e\000x\000t\000e\000r\000n\000o\000s}{section.3.6}% 42
\BOOKMARK [0][-]{chapter.4}{\376\377\000E\000n\000s\000a\000y\000o\000s\000\040\000y\000\040\000r\000e\000s\000u\000l\000t\000a\000d\000o\000s}{}% 43
\BOOKMARK [1][-]{section.4.1}{\376\377\000E\000n\000s\000a\000y\000o\000s\000\040\000d\000e\000\040\000m\000o\000d\000e\000l\000o\000s}{chapter.4}% 44
\BOOKMARK [1][-]{section.4.2}{\376\377\000D\000e\000s\000e\000m\000p\000e\000\361\000o\000\040\000d\000e\000l\000\040\000m\000o\000d\000e\000l\000o}{chapter.4}% 45
\BOOKMARK [1][-]{section.4.3}{\376\377\000D\000e\000s\000e\000m\000p\000e\000\361\000o\000\040\000d\000e\000\040\000l\000a\000\040\000p\000r\000e\000d\000i\000c\000c\000i\000\363\000n}{chapter.4}% 46
\BOOKMARK [1][-]{section.4.4}{\376\377\000C\000o\000m\000p\000a\000r\000a\000c\000i\000\363\000n\000\040\000d\000e\000\040\000a\000l\000g\000o\000r\000i\000t\000m\000o\000s}{chapter.4}% 47
\BOOKMARK [1][-]{section.4.5}{\376\377\000V\000a\000l\000i\000d\000a\000c\000i\000\363\000n\000\040\000d\000e\000\040\000c\000u\000m\000p\000l\000i\000m\000i\000e\000n\000t\000o\000\040\000d\000e\000\040\000r\000e\000q\000u\000e\000r\000i\000m\000i\000e\000n\000t\000o\000s}{chapter.4}% 48
\BOOKMARK [2][-]{section*.7}{\376\377\000R\000e\000q\000u\000e\000r\000i\000m\000i\000e\000n\000t\000o\000\040\000f\000u\000n\000c\000i\000o\000n\000a\000l\000\040\0001}{section.4.5}% 49
\BOOKMARK [3][-]{section*.8}{\376\377\000R\000e\000q\000u\000e\000r\000i\000m\000i\000e\000n\000t\000o\000\040\000f\000u\000n\000c\000i\000o\000n\000a\000l\000\040\0002}{section*.7}% 50
\BOOKMARK [3][-]{section*.9}{\376\377\000R\000e\000q\000u\000e\000r\000i\000m\000i\000e\000n\000t\000o\000\040\000f\000u\000n\000c\000i\000o\000n\000a\000l\000\040\0003}{section*.7}% 51
\BOOKMARK [3][-]{section*.10}{\376\377\000R\000e\000q\000u\000e\000r\000i\000m\000i\000e\000n\000t\000o\000\040\000f\000u\000n\000c\000i\000o\000n\000a\000l\000\040\0004}{section*.7}% 52
\BOOKMARK [3][-]{section*.11}{\376\377\000R\000e\000q\000u\000e\000r\000i\000m\000i\000e\000n\000t\000o\000\040\000f\000u\000n\000c\000i\000o\000n\000a\000l\000\040\0005}{section*.7}% 53
\BOOKMARK [3][-]{section*.12}{\376\377\000R\000e\000q\000u\000e\000r\000i\000m\000i\000e\000n\000t\000o\000\040\000f\000u\000n\000c\000i\000o\000n\000a\000l\000\040\0006}{section*.7}% 54
\BOOKMARK [3][-]{section*.13}{\376\377\000R\000e\000q\000u\000e\000r\000i\000m\000i\000e\000n\000t\000o\000\040\000f\000u\000n\000c\000i\000o\000n\000a\000l\000\040\0007}{section*.7}% 55
\BOOKMARK [0][-]{chapter.5}{\376\377\000C\000o\000n\000c\000l\000u\000s\000i\000o\000n\000e\000s}{}% 56
\BOOKMARK [1][-]{section.5.1}{\376\377\000R\000e\000s\000u\000l\000t\000a\000d\000o\000s\000\040\000o\000b\000t\000e\000n\000i\000d\000o\000s}{chapter.5}% 57
\BOOKMARK [1][-]{section.5.2}{\376\377\000T\000r\000a\000b\000a\000j\000o\000\040\000f\000u\000t\000u\000r\000o}{chapter.5}% 58
\BOOKMARK [0][-]{appendix*.15}{\376\377\000B\000i\000b\000l\000i\000o\000g\000r\000a\000f\000\355\000a}{}% 59
